<?xml version="1.0" encoding="UTF-8"?>
<!-- Generated by org.testng.reporters.JUnitReportReporter -->
<testsuite skipped="0" hostname="ip-172-31-20-143" name="com.Test.TestNg" tests="3" failures="0" timestamp="29 Mar 2023 08:41:09 GMT" time="7.381" errors="0">
  <testcase name="Test" time="3.125" classname="com.Test.TestNg"/>
  <testcase name="Test1" time="2.181" classname="com.Test.TestNg"/>
  <testcase name="Test2" time="2.075" classname="com.Test.TestNg"/>
</testsuite> <!-- com.Test.TestNg -->
